<?xml version="1.0" encoding="UTF-8"?>
<!-- Generated by org.testng.reporters.JUnitReportReporter -->
<testsuite skipped="0" hostname="SRB" name="com.actitime.testscript.DemoTest" tests="1" failures="0" timestamp="2023-03-15T16:23:35 IST" time="0.026" errors="0">
  <testcase name="demo" time="0.026" classname="com.actitime.testscript.DemoTest"/>
  <system-out>
    <![CDATA[welcome]]>
  </system-out>
</testsuite> <!-- com.actitime.testscript.DemoTest -->
